0 info it worked if it ends with ok
1 verbose cli [ 'C:\\Program Files\\nodejs\\node.exe',
1 verbose cli   'C:\\Users\\Michal\\AppData\\Roaming\\npm\\node_modules\\npm\\bin\\npm-cli.js',
1 verbose cli   'run',
1 verbose cli   'bulid' ]
2 info using npm@4.0.5
3 info using node@v7.9.0
4 verbose run-script [ 'prebulid', 'bulid', 'postbulid' ]
5 info lifecycle spa@1.0.0~prebulid: spa@1.0.0
6 silly lifecycle spa@1.0.0~prebulid: no script for prebulid, continuing
7 info lifecycle spa@1.0.0~bulid: spa@1.0.0
8 verbose lifecycle spa@1.0.0~bulid: unsafe-perm in lifecycle true
9 verbose lifecycle spa@1.0.0~bulid: PATH: C:\Users\Michal\AppData\Roaming\npm\node_modules\npm\bin\node-gyp-bin;C:\Users\Michal\spa\node_modules\.bin;C:\Users\Michal\Desktop\folder\pad\Downloads\bin;C:\Users\Michal\Desktop\folder\pad\Downloads\vendor\conemu-maximus5\ConEmu\Scripts;C:\Users\Michal\Desktop\folder\pad\Downloads\vendor\conemu-maximus5;C:\Users\Michal\Desktop\folder\pad\Downloads\vendor\conemu-maximus5\ConEmu;E:\Excelsior JET\bin;C:\ProgramData\Oracle\Java\javapath;C:\Windows\system32;C:\Windows;C:\Windows\System32\Wbem;C:\Windows\System32\WindowsPowerShell\v1.0\;C:\Program Files (x86)\NVIDIA Corporation\PhysX\Common;C:\Program Files (x86)\Deployd\bin;C:\xampp\php;C:\ProgramData\ComposerSetup\bin;C:\Program Files\Git\cmd;C:\Program Files\TortoiseGit\bin;C:\Program Files\nodejs\;C:\Ruby22\bin\;C:\Users\Michal\AppData\Roaming\Composer\vendor\bin;C:\Users\Michal\AppData\Local\atom\bin;C:\Users\Michal\AppData\Roaming\npm;C:\Program Files\Git\usr\bin;C:\Program Files\Git\usr\share\vim\vim74;C:\Users\Michal\Desktop\folder\pad\Downloads\
10 verbose lifecycle spa@1.0.0~bulid: CWD: C:\Users\Michal\spa
11 silly lifecycle spa@1.0.0~bulid: Args: [ '/d /s /c', 'webpack-dev-server' ]
12 silly lifecycle spa@1.0.0~bulid: Returned: code: 3221225786  signal: null
13 info lifecycle spa@1.0.0~bulid: Failed to exec bulid script
14 verbose stack Error: spa@1.0.0 bulid: `webpack-dev-server`
14 verbose stack Exit status 3221225786
14 verbose stack     at EventEmitter.<anonymous> (C:\Users\Michal\AppData\Roaming\npm\node_modules\npm\lib\utils\lifecycle.js:279:16)
14 verbose stack     at emitTwo (events.js:106:13)
14 verbose stack     at EventEmitter.emit (events.js:194:7)
14 verbose stack     at ChildProcess.<anonymous> (C:\Users\Michal\AppData\Roaming\npm\node_modules\npm\lib\utils\spawn.js:40:14)
14 verbose stack     at emitTwo (events.js:106:13)
14 verbose stack     at ChildProcess.emit (events.js:194:7)
14 verbose stack     at maybeClose (internal/child_process.js:899:16)
14 verbose stack     at Process.ChildProcess._handle.onexit (internal/child_process.js:226:5)
15 verbose pkgid spa@1.0.0
16 verbose cwd C:\Users\Michal\spa
17 error Windows_NT 6.3.9600
18 error argv "C:\\Program Files\\nodejs\\node.exe" "C:\\Users\\Michal\\AppData\\Roaming\\npm\\node_modules\\npm\\bin\\npm-cli.js" "run" "bulid"
19 error node v7.9.0
20 error npm  v4.0.5
21 error code ELIFECYCLE
22 error spa@1.0.0 bulid: `webpack-dev-server`
22 error Exit status 3221225786
23 error Failed at the spa@1.0.0 bulid script 'webpack-dev-server'.
23 error Make sure you have the latest version of node.js and npm installed.
23 error If you do, this is most likely a problem with the spa package,
23 error not with npm itself.
23 error Tell the author that this fails on your system:
23 error     webpack-dev-server
23 error You can get information on how to open an issue for this project with:
23 error     npm bugs spa
23 error Or if that isn't available, you can get their info via:
23 error     npm owner ls spa
23 error There is likely additional logging output above.
24 verbose exit [ 1, true ]
